[22:25:56] INFO     Brain-AI run started
[22:25:56] INFO     Log file : /Volumes/MacSSD/01_Projects/Chandravesh-ML-Research/projects/core-research/brain-ai/examples/brain_automl_output/logs/brain_automl_20260406_222556_485269.log
[22:25:56] INFO     Output dir: /Volumes/MacSSD/01_Projects/Chandravesh-ML-Research/projects/core-research/brain-ai/examples/brain_automl_output
[22:25:56] INFO     ============================================================
[22:25:56] INFO     fit_all_stocks() starting
[22:25:56] INFO       Data shape  : (18381, 12)
[22:25:56] INFO       Horizons    : [7, 15, 30]  (max=30)
[22:25:56] INFO       Target      : Close
[22:25:56] INFO       Item-ID col : 'Stock'
[22:25:56] INFO     ============================================================
[22:25:56] INFO     Stocks to process: ['BANKNIFTY', 'HDFCBANK', 'NIFTY50', 'RELIANCE', 'TCS'] (5 total)
[22:25:56] INFO     
──────────────────────────────────────────────────
[22:25:56] INFO     [1/5] Stock: BANKNIFTY
[22:25:56] INFO     Item: BANKNIFTY | Freq: B | Horizon: 30 | Train rows: 3862 | Backends: ['autogluon_timeseries', 'statsforecast', 'flaml']
[22:25:56] INFO     [START] autogluon_timeseries
[22:26:22] INFO     [ OK ] autogluon_timeseries — 26.0s | RMSE=1895.6280  MAE=1571.1698
[22:26:22] INFO     [START] statsforecast
[22:26:24] INFO     [ OK ] statsforecast — 1.5s | RMSE=1784.9661  MAE=1476.8209
[22:26:24] INFO     [START] flaml
[22:27:15] INFO     [ OK ] flaml — 51.4s | RMSE=1748.1605  MAE=1467.2402
[22:27:15] INFO     Best backend: ag_DirectTabular | RMSE=1060.0958  MAE=848.3960
[22:27:15] INFO     forecast_last_horizon complete
[22:27:15] INFO     Saved per-stock predictions to: /Volumes/MacSSD/01_Projects/Chandravesh-ML-Research/projects/core-research/brain-ai/examples/brain_automl_output/predictions/BANKNIFTY_predictions_h30.csv
[22:36:37] INFO     
──────────────────────────────────────────────────
[22:36:37] INFO     [2/5] Stock: HDFCBANK
[22:36:37] INFO     Item: HDFCBANK | Freq: B | Horizon: 30 | Train rows: 3862 | Backends: ['autogluon_timeseries', 'statsforecast', 'flaml']
[22:36:37] INFO     [START] autogluon_timeseries
[22:37:12] INFO     [ OK ] autogluon_timeseries — 35.6s | RMSE=35.7272  MAE=29.9989
[22:37:12] INFO     [START] statsforecast
[22:37:17] INFO     [ OK ] statsforecast — 4.4s | RMSE=39.0596  MAE=33.8647
[22:37:17] INFO     [START] flaml
[22:38:20] INFO     [ OK ] flaml — 63.4s | RMSE=40.1270  MAE=35.2092
[22:38:20] INFO     Best backend: ag_ETS | RMSE=35.7272  MAE=29.9989
[22:38:20] INFO     forecast_last_horizon complete
[22:38:20] INFO     Saved per-stock predictions to: /Volumes/MacSSD/01_Projects/Chandravesh-ML-Research/projects/core-research/brain-ai/examples/brain_automl_output/predictions/HDFCBANK_predictions_h30.csv
[22:50:31] INFO     
──────────────────────────────────────────────────
[22:50:31] INFO     [3/5] Stock: NIFTY50
[22:50:31] INFO     Item: NIFTY50 | Freq: B | Horizon: 30 | Train rows: 3862 | Backends: ['autogluon_timeseries', 'statsforecast', 'flaml']
[22:50:31] INFO     [START] autogluon_timeseries
[22:51:04] INFO     [ OK ] autogluon_timeseries — 33.4s | RMSE=591.1197  MAE=503.3350
[22:51:04] INFO     [START] statsforecast
[22:51:05] INFO     [ OK ] statsforecast — 0.6s | RMSE=751.3649  MAE=639.9137
[22:51:05] INFO     [START] flaml
[22:51:52] INFO     [ OK ] flaml — 47.1s | RMSE=2023.9641  MAE=1871.0581
[22:51:52] INFO     Best backend: ag_RecursiveTabular | RMSE=531.3590  MAE=469.4794
[22:51:52] INFO     forecast_last_horizon complete
[22:51:52] INFO     Saved per-stock predictions to: /Volumes/MacSSD/01_Projects/Chandravesh-ML-Research/projects/core-research/brain-ai/examples/brain_automl_output/predictions/NIFTY50_predictions_h30.csv
[23:25:26] INFO     
──────────────────────────────────────────────────
[23:25:26] INFO     [4/5] Stock: RELIANCE
[23:25:27] INFO     Item: RELIANCE | Freq: B | Horizon: 30 | Train rows: 3862 | Backends: ['autogluon_timeseries', 'statsforecast', 'flaml']
[23:25:27] INFO     [START] autogluon_timeseries
[23:25:53] INFO     [ OK ] autogluon_timeseries — 26.4s | RMSE=128.4279  MAE=121.5991
[23:25:53] INFO     [START] statsforecast
[23:25:54] INFO     [ OK ] statsforecast — 0.7s | RMSE=41.4155  MAE=35.9238
[23:25:54] INFO     [START] flaml
[23:26:44] INFO     [ OK ] flaml — 49.8s | RMSE=107.0994  MAE=102.2171
[23:26:44] INFO     Best backend: ag_RecursiveTabular | RMSE=34.5617  MAE=29.7812
[23:26:44] INFO     forecast_last_horizon complete
[23:26:44] INFO     Saved per-stock predictions to: /Volumes/MacSSD/01_Projects/Chandravesh-ML-Research/projects/core-research/brain-ai/examples/brain_automl_output/predictions/RELIANCE_predictions_h30.csv
[23:38:13] INFO     
──────────────────────────────────────────────────
[23:38:13] INFO     [5/5] Stock: TCS
[23:38:13] INFO     Item: TCS | Freq: B | Horizon: 30 | Train rows: 3862 | Backends: ['autogluon_timeseries', 'statsforecast', 'flaml']
[23:38:13] INFO     [START] autogluon_timeseries
[23:38:43] INFO     [ OK ] autogluon_timeseries — 29.6s | RMSE=234.1657  MAE=198.8693
[23:38:43] INFO     [START] statsforecast
[23:38:43] INFO     [ OK ] statsforecast — 0.6s | RMSE=259.7078  MAE=231.4619
[23:38:43] INFO     [START] flaml
[23:39:48] INFO     [ OK ] flaml — 64.5s | RMSE=255.1211  MAE=228.6933
[23:39:48] INFO     Best backend: ag_DirectTabular | RMSE=177.7365  MAE=140.8575
[23:39:48] INFO     forecast_last_horizon complete
[23:39:48] INFO     Saved per-stock predictions to: /Volumes/MacSSD/01_Projects/Chandravesh-ML-Research/projects/core-research/brain-ai/examples/brain_automl_output/predictions/TCS_predictions_h30.csv
[23:51:27] INFO     
fit_all_stocks() complete — 435 leaderboard rows across 5 stocks
